
=== Mon Jul  1 05:43:10 2024

Packages were changed.
Update Mode: updateDependencies

The following packages were added:
  com.unity.2d.sprite@1.0.0
  com.unity.2d.tilemap@1.0.0
  com.unity.ide.rider@3.0.28
  com.unity.ide.visualstudio@2.0.22
  com.unity.modules.androidjni@1.0.0
  com.unity.test-framework@1.4.4
  com.unity.timeline@1.8.6
  com.unity.ugui@2.0.0
  com.unity.xr.legacyinputhelpers@2.1.10
  com.unity.ai.navigation@2.0.0
  com.unity.modules.accessibility@1.0.0
The following packages were updated:
  com.unity.2d.animation from version 2.0.0-preview.1 to 10.1.1
  com.unity.2d.psdimporter from version 1.0.0-preview.1 to 9.0.3
  com.unity.ads from version 2.3.1 to 4.4.2
  com.unity.analytics from version 3.2.2 to 3.8.1
  com.unity.collab-proxy from version 1.2.15 to 2.3.1
  com.unity.purchasing from version 2.0.3 to 4.11.0
The following packages were removed:
  com.unity.2d.ik@1.0.7-preview.1
  com.unity.package-manager-ui@2.0.3
  com.unity.textmeshpro@1.3.0
